<?xml version="1.0" encoding="UTF-8"?>
<!-- Generated by org.testng.reporters.JUnitXMLReporter -->
<testsuite ignored="0" hostname="DESKTOP-OANSG05" failures="0" tests="3" name="RegressionjOfEdge" time="57.565" errors="0" timestamp="2022-01-10T21:19:28 EST">
  <testcase classname="PeopleNTech.Automationtraining.Providing" name="f" time="6.166"/>
  <testcase classname="PeopleNTech.Automationtraining.Providing" name="f" time="6.156"/>
  <testcase classname="PeopleNTech.Automationtraining.Providing" name="f" time="6.166"/>
</testsuite> <!-- RegressionjOfEdge -->
