<?xml version="1.0" encoding="UTF-8"?>
<!-- Generated by org.testng.reporters.JUnitXMLReporter -->
<testsuite ignored="0" hostname="DESKTOP-OANSG05" failures="0" tests="3" name="RegressionOfChrome" time="49.676" errors="0" timestamp="2022-01-10T21:18:30 EST">
  <testcase classname="PeopleNTech.Automationtraining.Providing" name="f" time="6.189"/>
  <testcase classname="PeopleNTech.Automationtraining.Providing" name="f" time="6.152"/>
  <testcase classname="PeopleNTech.Automationtraining.Providing" name="f" time="6.166"/>
</testsuite> <!-- RegressionOfChrome -->
