<?xml version="1.0" encoding="UTF-8"?>
<testng-results ignored="0" total="6" passed="6" failed="0" skipped="0">
  <reporter-output>
  </reporter-output>
  <suite started-at="2022-01-10T21:17:40 EST" name="Adhoc" finished-at="2022-01-10T21:19:28 EST" duration-ms="107275">
    <groups>
    </groups>
    <test started-at="2022-01-10T21:17:40 EST" name="RegressionOfChrome" finished-at="2022-01-10T21:18:30 EST" duration-ms="49676">
      <class name="PeopleNTech.Automationtraining.Providing">
        <test-method is-config="true" signature="beforeMethod(java.lang.String,java.lang.String)[pri:0, instance:PeopleNTech.Automationtraining.Providing@3738449f]" started-at="2022-01-10T21:17:40 EST" name="beforeMethod" finished-at="2022-01-10T21:17:42 EST" duration-ms="1947" status="PASS">
          <params>
            <param index="0">
              <value>
                <![CDATA[Chrome]]>
              </value>
            </param>
            <param index="1">
              <value>
                <![CDATA[https://www.facebook.com]]>
              </value>
            </param>
          </params>
          <reporter-output>
          </reporter-output>
        </test-method> <!-- beforeMethod -->
        <test-method signature="f(java.lang.String,java.lang.String)[pri:0, instance:PeopleNTech.Automationtraining.Providing@3738449f]" started-at="2022-01-10T21:17:42 EST" name="f" data-provider="provided" finished-at="2022-01-10T21:17:48 EST" duration-ms="6189" status="PASS">
          <params>
            <param index="0">
              <value>
                <![CDATA[peoplentech]]>
              </value>
            </param>
            <param index="1">
              <value>
                <![CDATA[a, sfn]]>
              </value>
            </param>
          </params>
          <reporter-output>
          </reporter-output>
        </test-method> <!-- f -->
        <test-method is-config="true" signature="afterMethod()[pri:0, instance:PeopleNTech.Automationtraining.Providing@3738449f]" started-at="2022-01-10T21:17:49 EST" name="afterMethod" finished-at="2022-01-10T21:17:52 EST" duration-ms="3161" status="PASS">
          <reporter-output>
          </reporter-output>
        </test-method> <!-- afterMethod -->
        <test-method is-config="true" signature="beforeMethod(java.lang.String,java.lang.String)[pri:0, instance:PeopleNTech.Automationtraining.Providing@3738449f]" started-at="2022-01-10T21:17:52 EST" name="beforeMethod" finished-at="2022-01-10T21:17:54 EST" duration-ms="1800" status="PASS">
          <params>
            <param index="0">
              <value>
                <![CDATA[Chrome]]>
              </value>
            </param>
            <param index="1">
              <value>
                <![CDATA[https://www.facebook.com]]>
              </value>
            </param>
          </params>
          <reporter-output>
          </reporter-output>
        </test-method> <!-- beforeMethod -->
        <test-method signature="f(java.lang.String,java.lang.String)[pri:0, instance:PeopleNTech.Automationtraining.Providing@3738449f]" started-at="2022-01-10T21:17:54 EST" name="f" data-provider="provided" finished-at="2022-01-10T21:18:00 EST" duration-ms="6152" status="PASS">
          <params>
            <param index="0">
              <value>
                <![CDATA[mona]]>
              </value>
            </param>
            <param index="1">
              <value>
                <![CDATA[bvsd]]>
              </value>
            </param>
          </params>
          <reporter-output>
          </reporter-output>
        </test-method> <!-- f -->
        <test-method is-config="true" signature="afterMethod()[pri:0, instance:PeopleNTech.Automationtraining.Providing@3738449f]" started-at="2022-01-10T21:18:16 EST" name="afterMethod" finished-at="2022-01-10T21:18:19 EST" duration-ms="3156" status="PASS">
          <reporter-output>
          </reporter-output>
        </test-method> <!-- afterMethod -->
        <test-method is-config="true" signature="beforeMethod(java.lang.String,java.lang.String)[pri:0, instance:PeopleNTech.Automationtraining.Providing@3738449f]" started-at="2022-01-10T21:18:19 EST" name="beforeMethod" finished-at="2022-01-10T21:18:21 EST" duration-ms="1508" status="PASS">
          <params>
            <param index="0">
              <value>
                <![CDATA[Chrome]]>
              </value>
            </param>
            <param index="1">
              <value>
                <![CDATA[https://www.facebook.com]]>
              </value>
            </param>
          </params>
          <reporter-output>
          </reporter-output>
        </test-method> <!-- beforeMethod -->
        <test-method signature="f(java.lang.String,java.lang.String)[pri:0, instance:PeopleNTech.Automationtraining.Providing@3738449f]" started-at="2022-01-10T21:18:21 EST" name="f" data-provider="provided" finished-at="2022-01-10T21:18:27 EST" duration-ms="6166" status="PASS">
          <params>
            <param index="0">
              <value>
                <![CDATA[session]]>
              </value>
            </param>
            <param index="1">
              <value>
                <![CDATA[jsvsdvsd]]>
              </value>
            </param>
          </params>
          <reporter-output>
          </reporter-output>
        </test-method> <!-- f -->
        <test-method is-config="true" signature="afterMethod()[pri:0, instance:PeopleNTech.Automationtraining.Providing@3738449f]" started-at="2022-01-10T21:18:27 EST" name="afterMethod" finished-at="2022-01-10T21:18:30 EST" duration-ms="3165" status="PASS">
          <reporter-output>
          </reporter-output>
        </test-method> <!-- afterMethod -->
      </class> <!-- PeopleNTech.Automationtraining.Providing -->
    </test> <!-- RegressionOfChrome -->
    <test started-at="2022-01-10T21:18:30 EST" name="RegressionjOfEdge" finished-at="2022-01-10T21:19:28 EST" duration-ms="57565">
      <class name="PeopleNTech.Automationtraining.Providing">
        <test-method is-config="true" signature="beforeMethod(java.lang.String,java.lang.String)[pri:0, instance:PeopleNTech.Automationtraining.Providing@5562c41e]" started-at="2022-01-10T21:18:30 EST" name="beforeMethod" finished-at="2022-01-10T21:18:34 EST" duration-ms="3935" status="PASS">
          <params>
            <param index="0">
              <value>
                <![CDATA[Edge]]>
              </value>
            </param>
            <param index="1">
              <value>
                <![CDATA[https://www.facebook.com]]>
              </value>
            </param>
          </params>
          <reporter-output>
          </reporter-output>
        </test-method> <!-- beforeMethod -->
        <test-method signature="f(java.lang.String,java.lang.String)[pri:0, instance:PeopleNTech.Automationtraining.Providing@5562c41e]" started-at="2022-01-10T21:18:34 EST" name="f" data-provider="provided" finished-at="2022-01-10T21:18:40 EST" duration-ms="6166" status="PASS">
          <params>
            <param index="0">
              <value>
                <![CDATA[peoplentech]]>
              </value>
            </param>
            <param index="1">
              <value>
                <![CDATA[a, sfn]]>
              </value>
            </param>
          </params>
          <reporter-output>
          </reporter-output>
        </test-method> <!-- f -->
        <test-method is-config="true" signature="afterMethod()[pri:0, instance:PeopleNTech.Automationtraining.Providing@5562c41e]" started-at="2022-01-10T21:18:40 EST" name="afterMethod" finished-at="2022-01-10T21:18:43 EST" duration-ms="3235" status="PASS">
          <reporter-output>
          </reporter-output>
        </test-method> <!-- afterMethod -->
        <test-method is-config="true" signature="beforeMethod(java.lang.String,java.lang.String)[pri:0, instance:PeopleNTech.Automationtraining.Providing@5562c41e]" started-at="2022-01-10T21:18:43 EST" name="beforeMethod" finished-at="2022-01-10T21:18:47 EST" duration-ms="3766" status="PASS">
          <params>
            <param index="0">
              <value>
                <![CDATA[Edge]]>
              </value>
            </param>
            <param index="1">
              <value>
                <![CDATA[https://www.facebook.com]]>
              </value>
            </param>
          </params>
          <reporter-output>
          </reporter-output>
        </test-method> <!-- beforeMethod -->
        <test-method signature="f(java.lang.String,java.lang.String)[pri:0, instance:PeopleNTech.Automationtraining.Providing@5562c41e]" started-at="2022-01-10T21:18:47 EST" name="f" data-provider="provided" finished-at="2022-01-10T21:18:53 EST" duration-ms="6156" status="PASS">
          <params>
            <param index="0">
              <value>
                <![CDATA[mona]]>
              </value>
            </param>
            <param index="1">
              <value>
                <![CDATA[bvsd]]>
              </value>
            </param>
          </params>
          <reporter-output>
          </reporter-output>
        </test-method> <!-- f -->
        <test-method is-config="true" signature="afterMethod()[pri:0, instance:PeopleNTech.Automationtraining.Providing@5562c41e]" started-at="2022-01-10T21:19:11 EST" name="afterMethod" finished-at="2022-01-10T21:19:14 EST" duration-ms="3279" status="PASS">
          <reporter-output>
          </reporter-output>
        </test-method> <!-- afterMethod -->
        <test-method is-config="true" signature="beforeMethod(java.lang.String,java.lang.String)[pri:0, instance:PeopleNTech.Automationtraining.Providing@5562c41e]" started-at="2022-01-10T21:19:14 EST" name="beforeMethod" finished-at="2022-01-10T21:19:18 EST" duration-ms="3867" status="PASS">
          <params>
            <param index="0">
              <value>
                <![CDATA[Edge]]>
              </value>
            </param>
            <param index="1">
              <value>
                <![CDATA[https://www.facebook.com]]>
              </value>
            </param>
          </params>
          <reporter-output>
          </reporter-output>
        </test-method> <!-- beforeMethod -->
        <test-method signature="f(java.lang.String,java.lang.String)[pri:0, instance:PeopleNTech.Automationtraining.Providing@5562c41e]" started-at="2022-01-10T21:19:18 EST" name="f" data-provider="provided" finished-at="2022-01-10T21:19:24 EST" duration-ms="6166" status="PASS">
          <params>
            <param index="0">
              <value>
                <![CDATA[session]]>
              </value>
            </param>
            <param index="1">
              <value>
                <![CDATA[jsvsdvsd]]>
              </value>
            </param>
          </params>
          <reporter-output>
          </reporter-output>
        </test-method> <!-- f -->
        <test-method is-config="true" signature="afterMethod()[pri:0, instance:PeopleNTech.Automationtraining.Providing@5562c41e]" started-at="2022-01-10T21:19:24 EST" name="afterMethod" finished-at="2022-01-10T21:19:28 EST" duration-ms="3203" status="PASS">
          <reporter-output>
          </reporter-output>
        </test-method> <!-- afterMethod -->
      </class> <!-- PeopleNTech.Automationtraining.Providing -->
    </test> <!-- RegressionjOfEdge -->
  </suite> <!-- Adhoc -->
</testng-results>
